<?xml version="1.0" encoding="UTF-8"?>
<!-- Generated by org.testng.reporters.JUnitXMLReporter -->
<testsuite ignored="0" hostname="IN2449063W1" failures="1" tests="1" name="Default test" time="13.96" errors="0" timestamp="2023-01-19T12:56:12 IST">
  <testcase classname="io.cucumber.testng.AbstractTestNGCucumberTests" name="runScenario" time="12.336">
    <failure type="org.junit.ComparisonFailure" message="expected:&amp;lt;Hello [Jayakishore]!&amp;gt; but was:&amp;lt;Hello [test]!&amp;gt;">
      <![CDATA[org.junit.ComparisonFailure: expected:<Hello [Jayakishore]!> but was:<Hello [test]!>
at org.junit.Assert.assertEquals(Assert.java:117)
at org.junit.Assert.assertEquals(Assert.java:146)
at stepDefinition.Stepsof_Featurefile.user_is_traversed_to_search_hotel_page(Stepsof_Featurefile.java:89)
at ✽.user is traversed to Search Hotel page(file:///C:/Users/Jayakishore.V/eclipse-workspace/TestNG_Cucumber/Features/Login_Search.feature:28)
]]>
    </failure>
  </testcase> <!-- runScenario -->
</testsuite> <!-- Default test -->
