<?xml version="1.0" encoding="UTF-8"?>
<!-- Generated by org.testng.reporters.JUnitReportReporter -->
<testsuite hostname="IN2449063W1" failures="1" tests="1" name="testRunner.Cucumber_Runner" time="12.336" errors="0" timestamp="2023-01-19T12:56:13 IST" skipped="0">
  <testcase classname="testRunner.Cucumber_Runner" name="runScenario" time="12.336">
    <failure message="expected:&lt;Hello [Jayakishore]!&gt; but was:&lt;Hello [test]!&gt;" type="org.junit.ComparisonFailure">
      <![CDATA[org.junit.ComparisonFailure: expected:<Hello [Jayakishore]!> but was:<Hello [test]!>
at org.junit.Assert.assertEquals(Assert.java:117)
at org.junit.Assert.assertEquals(Assert.java:146)
at stepDefinition.Stepsof_Featurefile.user_is_traversed_to_search_hotel_page(Stepsof_Featurefile.java:89)
at ✽.user is traversed to Search Hotel page(file:///C:/Users/Jayakishore.V/eclipse-workspace/TestNG_Cucumber/Features/Login_Search.feature:28)
]]>
    </failure>
  </testcase> <!-- runScenario -->
  <system-out/>
</testsuite> <!-- testRunner.Cucumber_Runner -->
